2019-08-09 16:10:16,240 DEBUG - Starting ServiceWrapper in the CLI mode
2019-08-09 16:10:16,337 INFO  - Installing the service with id 'btdigitalsignservice'
2019-08-09 16:10:16,345 DEBUG - Completed. Exit code is 0
2019-08-09 16:10:53,137 INFO  - Starting ServiceWrapper in the service mode
2019-08-09 16:10:53,154 INFO  - Starting java -jar D:\wlminus\Stuff\btsign\target\DEPLOY_PACKAGE\signservice-0.0.1-SNAPSHOT
2019-08-09 16:10:53,156 INFO  - Starting java -jar D:\wlminus\Stuff\btsign\target\DEPLOY_PACKAGE\signservice-0.0.1-SNAPSHOT
2019-08-09 16:10:53,166 INFO  - Started process 11352
2019-08-09 16:10:53,168 DEBUG - Forwarding logs of the process System.Diagnostics.Process (java) to winsw.DefaultLogAppender
2019-08-09 16:12:09,745 INFO  - Starting ServiceWrapper in the service mode
2019-08-09 16:12:09,758 INFO  - Starting java -jar D:\wlminus\Stuff\btsign\target\DEPLOY_PACKAGE\signservice-0.0.1-SNAPSHOT
2019-08-09 16:12:09,760 INFO  - Starting java -jar D:\wlminus\Stuff\btsign\target\DEPLOY_PACKAGE\signservice-0.0.1-SNAPSHOT
2019-08-09 16:12:09,769 INFO  - Started process 9904
2019-08-09 16:12:09,771 DEBUG - Forwarding logs of the process System.Diagnostics.Process (java) to winsw.DefaultLogAppender
2019-08-09 17:05:00,710 DEBUG - Starting ServiceWrapper in the CLI mode
2019-08-09 17:05:00,808 INFO  - Installing the service with id 'btdigitalsignservice'
2019-08-09 17:05:00,814 DEBUG - Completed. Exit code is 0
2019-08-09 17:05:16,069 DEBUG - Starting ServiceWrapper in the CLI mode
2019-08-09 17:05:16,155 INFO  - Starting the service with id 'btdigitalsignservice'
2019-08-09 17:05:16,225 INFO  - Starting ServiceWrapper in the service mode
2019-08-09 17:05:16,237 DEBUG - Completed. Exit code is 0
2019-08-09 17:05:16,242 INFO  - Starting java -jar D:\wlminus\Stuff\btsign\target\DEPLOY_PACKAGE\signservice-0.0.1-SNAPSHOT
2019-08-09 17:05:16,244 INFO  - Starting java -jar D:\wlminus\Stuff\btsign\target\DEPLOY_PACKAGE\signservice-0.0.1-SNAPSHOT
2019-08-09 17:05:16,255 INFO  - Started process 2032
2019-08-09 17:05:16,257 DEBUG - Forwarding logs of the process System.Diagnostics.Process (java) to winsw.DefaultLogAppender
2019-08-09 17:06:04,412 DEBUG - Starting ServiceWrapper in the CLI mode
2019-08-09 17:06:04,504 DEBUG - User requested the status of the process with id 'btdigitalsignservice'
2019-08-09 17:06:04,505 DEBUG - Completed. Exit code is 0
2019-08-09 17:06:08,476 DEBUG - Starting ServiceWrapper in the CLI mode
2019-08-09 17:06:08,561 INFO  - Starting the service with id 'btdigitalsignservice'
2019-08-09 17:06:08,631 INFO  - Starting ServiceWrapper in the service mode
2019-08-09 17:06:08,641 DEBUG - Completed. Exit code is 0
2019-08-09 17:06:08,646 INFO  - Starting java -jar D:\wlminus\Stuff\btsign\target\DEPLOY_PACKAGE\signservice-0.0.1-SNAPSHOT
2019-08-09 17:06:08,648 INFO  - Starting java -jar D:\wlminus\Stuff\btsign\target\DEPLOY_PACKAGE\signservice-0.0.1-SNAPSHOT
2019-08-09 17:06:08,658 INFO  - Started process 6072
2019-08-09 17:06:08,660 DEBUG - Forwarding logs of the process System.Diagnostics.Process (java) to winsw.DefaultLogAppender
2019-08-09 17:06:27,332 INFO  - Starting ServiceWrapper in the service mode
2019-08-09 17:06:27,346 INFO  - Starting java -jar D:\wlminus\Stuff\btsign\target\DEPLOY_PACKAGE\signservice-0.0.1-SNAPSHOT
2019-08-09 17:06:27,348 INFO  - Starting java -jar D:\wlminus\Stuff\btsign\target\DEPLOY_PACKAGE\signservice-0.0.1-SNAPSHOT
2019-08-09 17:06:27,356 INFO  - Started process 11132
2019-08-09 17:06:27,358 DEBUG - Forwarding logs of the process System.Diagnostics.Process (java) to winsw.DefaultLogAppender
2019-08-09 17:06:40,667 DEBUG - Starting ServiceWrapper in the CLI mode
2019-08-09 17:06:40,754 INFO  - Uninstalling the service with id 'btdigitalsignservice'
2019-08-09 17:06:40,760 DEBUG - Completed. Exit code is 0
2019-08-09 17:09:08,994 DEBUG - Starting ServiceWrapper in the CLI mode
2019-08-09 17:09:09,086 INFO  - Installing the service with id 'btdigitalsignservice'
2019-08-09 17:09:09,093 DEBUG - Completed. Exit code is 0
2019-08-09 17:09:14,625 DEBUG - Starting ServiceWrapper in the CLI mode
2019-08-09 17:09:14,710 INFO  - Starting the service with id 'btdigitalsignservice'
2019-08-09 17:09:14,779 INFO  - Starting ServiceWrapper in the service mode
2019-08-09 17:09:14,789 DEBUG - Completed. Exit code is 0
2019-08-09 17:09:14,793 INFO  - Starting java -jar D:\wlminus\Stuff\btsign\target\DEPLOY_PACKAGE\signservice-0.0.1-SNAPSHOT.jar
2019-08-09 17:09:14,795 INFO  - Starting java -jar D:\wlminus\Stuff\btsign\target\DEPLOY_PACKAGE\signservice-0.0.1-SNAPSHOT.jar
2019-08-09 17:09:14,805 INFO  - Started process 7624
2019-08-09 17:09:14,807 DEBUG - Forwarding logs of the process System.Diagnostics.Process (java) to winsw.DefaultLogAppender
2019-08-09 17:30:37,282 INFO  - Stopping btdigitalsignservice
2019-08-09 17:30:37,282 DEBUG - ProcessKill 7624
2019-08-09 17:30:37,331 INFO  - Found child process: 8572 Name: conhost.exe
2019-08-09 17:30:37,362 INFO  - Stopping process 8572
2019-08-09 17:30:37,364 INFO  - Send SIGINT 8572
2019-08-09 17:30:37,365 WARN  - SIGINT to 8572 failed - Killing as fallback
2019-08-09 17:30:37,366 INFO  - Stopping process 7624
2019-08-09 17:30:37,368 INFO  - Send SIGINT 7624
2019-08-09 17:30:37,368 WARN  - SIGINT to 7624 failed - Killing as fallback
2019-08-09 17:30:37,369 INFO  - Finished btdigitalsignservice
2019-08-09 17:30:37,369 DEBUG - Completed. Exit code is 0
